2025-07-10 17:15:15,979 - INFO - Starting download for: https://kick.com/chaos333gg/clips/clip_01JZDJQS6MKYX9GS3XQAJK33RQ
2025-07-10 17:15:17,857 - INFO - patching driver executable C:\Users\HP\appdata\roaming\undetected_chromedriver\undetected_chromedriver.exe
2025-07-10 17:17:14,979 - INFO - Starting download for: https://kick.com/chaos333gg/videos/28252e5d-70c1-4fc2-afa5-cf0f34087065
2025-07-10 17:17:16,972 - INFO - patching driver executable C:\Users\HP\appdata\roaming\undetected_chromedriver\undetected_chromedriver.exe
2025-07-10 17:17:53,386 - ERROR - FFmpeg stderr: [in#0 @ 00000131c9397ec0] Error opening input: Server returned 403 Forbidden (access denied)
Error opening input file https://fa723fc1b171.us-west-2.playback.live-video.net/api/video/v1/us-west-2.196233775518.channel.IA8u3S766VUV.m3u8.
Error opening input files: Server returned 403 Forbidden (access denied)

2025-07-10 17:17:53,870 - ERROR - FFmpeg stderr: [in#0 @ 0000017c4d2a7fc0] Error opening input: Server returned 403 Forbidden (access denied)
Error opening input file https://fa723fc1b171.us-west-2.playback.live-video.net/api/video/v1/us-west-2.196233775518.channel.IA8u3S766VUV.m3u8.
Error opening input files: Server returned 403 Forbidden (access denied)

2025-07-10 17:19:47,885 - INFO - Starting download for: https://kick.com/chaos333gg/videos/6e9b27f3-8b44-41fc-9a48-c728a8c3cffb
2025-07-10 17:19:49,797 - INFO - patching driver executable C:\Users\HP\appdata\roaming\undetected_chromedriver\undetected_chromedriver.exe
2025-07-10 17:20:13,850 - ERROR - FFmpeg stderr: [in#0 @ 00000168a7947e80] Error opening input: Server returned 403 Forbidden (access denied)
Error opening input file https://fa723fc1b171.us-west-2.playback.live-video.net/api/video/v1/us-west-2.196233775518.channel.IA8u3S766VUV.m3u8.
Error opening input files: Server returned 403 Forbidden (access denied)

2025-07-10 17:20:14,316 - ERROR - FFmpeg stderr: [in#0 @ 000001fe38687f80] Error opening input: Server returned 403 Forbidden (access denied)
Error opening input file https://fa723fc1b171.us-west-2.playback.live-video.net/api/video/v1/us-west-2.196233775518.channel.IA8u3S766VUV.m3u8.
Error opening input files: Server returned 403 Forbidden (access denied)

2025-07-10 17:21:13,259 - INFO - Starting download for: https://kick.com/chaos333gg/videos/bb912f5c-bc7f-4835-8bcb-963801b03956
2025-07-10 17:21:14,855 - INFO - patching driver executable C:\Users\HP\appdata\roaming\undetected_chromedriver\undetected_chromedriver.exe
2025-07-10 17:21:37,241 - ERROR - FFmpeg stderr: [in#0 @ 00000242f31a7e80] Error opening input: Server returned 403 Forbidden (access denied)
Error opening input file https://fa723fc1b171.us-west-2.playback.live-video.net/api/video/v1/us-west-2.196233775518.channel.IA8u3S766VUV.m3u8.
Error opening input files: Server returned 403 Forbidden (access denied)

2025-07-10 17:21:37,713 - ERROR - FFmpeg stderr: [in#0 @ 00000236bf3a7f80] Error opening input: Server returned 403 Forbidden (access denied)
Error opening input file https://fa723fc1b171.us-west-2.playback.live-video.net/api/video/v1/us-west-2.196233775518.channel.IA8u3S766VUV.m3u8.
Error opening input files: Server returned 403 Forbidden (access denied)

2025-07-10 17:24:06,587 - INFO - Starting download for: https://kick.com/chaos333gg/clips/clip_01JZE1VCJF5YXQBKD8CXPKHW0R
2025-07-10 17:24:08,481 - INFO - patching driver executable C:\Users\HP\appdata\roaming\undetected_chromedriver\undetected_chromedriver.exe
